<?xml version="1.0" encoding="UTF-8"?>
<!-- Generated by org.testng.reporters.JUnitReportReporter -->
<testsuite hostname="Akshay" failures="0" tests="1" name="rahulshettyacademy.tests.ErrorValidationTest" time="3.454" errors="0" timestamp="2024-04-08T23:25:50 IST" skipped="0">
  <testcase classname="rahulshettyacademy.tests.ErrorValidationTest" name="LoginErrorValidation" time="3.454"/>
</testsuite> <!-- rahulshettyacademy.tests.ErrorValidationTest -->
