<?xml version="1.0" encoding="UTF-8"?>
<!-- Generated by org.testng.reporters.JUnitReportReporter -->
<testsuite hostname="Akshay" failures="0" tests="2" name="cucumber.TestNGTestRunner" time="9.896" errors="0" timestamp="2024-04-11T16:29:50 IST" skipped="0">
  <testcase classname="cucumber.TestNGTestRunner" name="runScenario" time="4.982"/>
  <testcase classname="cucumber.TestNGTestRunner" name="runScenario" time="4.914"/>
</testsuite> <!-- cucumber.TestNGTestRunner -->
