<?xml version="1.0" encoding="UTF-8"?>
<!-- Generated by org.testng.reporters.JUnitReportReporter -->
<testsuite hostname="Akshay" failures="0" tests="2" name="rahulshettyacademy.tests.SubmitOrderTest" time="12.362" errors="0" timestamp="2024-04-08T23:26:18 IST" skipped="0">
  <testcase classname="rahulshettyacademy.tests.SubmitOrderTest" name="submitOrder" time="6.734"/>
  <testcase classname="rahulshettyacademy.tests.SubmitOrderTest" name="submitOrder" time="5.628"/>
</testsuite> <!-- rahulshettyacademy.tests.SubmitOrderTest -->
