<?xml version="1.0" encoding="UTF-8"?>
<!-- Generated by org.testng.reporters.JUnitReportReporter -->
<testsuite hostname="Akshay" failures="0" tests="3" name="rahulshettyacademy.tests.SubmitOrderTest" time="23.094" errors="0" timestamp="2024-04-15T22:32:32 IST" skipped="0">
  <testcase classname="rahulshettyacademy.tests.SubmitOrderTest" name="submitOrder" time="11.417"/>
  <testcase classname="rahulshettyacademy.tests.SubmitOrderTest" name="submitOrder" time="8.419"/>
  <testcase classname="rahulshettyacademy.tests.SubmitOrderTest" name="OrderHistoryTest" time="3.258"/>
</testsuite> <!-- rahulshettyacademy.tests.SubmitOrderTest -->
