<?xml version="1.0" encoding="UTF-8"?>
<!-- Generated by org.testng.reporters.JUnitReportReporter -->
<testsuite hostname="Akshay" failures="0" tests="2" name="rahulshettyacademy.tests.ErrorValidationTest" time="5.982" errors="0" timestamp="2024-04-15T22:32:32 IST" skipped="0">
  <testcase classname="rahulshettyacademy.tests.ErrorValidationTest" name="ProductErrorValidation" time="3.111"/>
  <testcase classname="rahulshettyacademy.tests.ErrorValidationTest" name="LoginErrorValidation" time="2.871"/>
</testsuite> <!-- rahulshettyacademy.tests.ErrorValidationTest -->
