<?xml version="1.0" encoding="UTF-8"?>
<!-- Generated by org.testng.reporters.JUnitReportReporter -->
<testsuite hostname="Akshay" failures="0" tests="2" name="cucumber.TestNGTestRunner" time="10.031" errors="0" timestamp="2024-04-15T22:32:32 IST" skipped="0">
  <testcase classname="cucumber.TestNGTestRunner" name="runScenario" time="4.402"/>
  <testcase classname="cucumber.TestNGTestRunner" name="runScenario" time="5.629"/>
</testsuite> <!-- cucumber.TestNGTestRunner -->
